********************************************************************************
DUPLICATOR-LITE PACKAGE-LOG: July 27, 2023 9:18 am
NOTICE: Do NOT post to public sites or forums 
********************************************************************************
VERSION:	1.5.5.1
WORDPRESS:	6.2.2
PHP INFO:	7.3.1 | SAPI: apache2handler
SERVER:		Apache/2.2.34 (Unix) mod_wsgi/3.5 Python/2.7.13 PHP/7.3.1 mod_ssl/2.2.34 OpenSSL/1.0.2o DAV/2 mod_fastcgi/mod_fastcgi-SNAP-0910052141 mod_perl/2.0.9 Perl/v5.24.0 
PHP TIME LIMIT: (0) no time limit imposed 
PHP MAX MEMORY: 4294967296 (128M default) 
MEMORY STACK: 6.5MB

********************************************************************************
DATABASE:
********************************************************************************
BUILD MODE:   PHP(query limit - 100)
MYSQLTIMEOUT: 5000
MYSQLDUMP:    Not Supported
TABLES: total:13 | filtered:0 | create:13
FILTERED: []
SQL CREATED: 20230727_spurlabvidness_e272763eae189b159008_20230727091853_database.sql
SQL FILE SIZE: 1.26MB (1320509)
SQL FILE TIME: 2023-07-27 09:18:56
SQL RUNTIME: 0.14 sec.

********************************************************************************
ARCHIVE (ZIP):
********************************************************************************
ARCHIVE DIR:  /Applications/MAMP/htdocs/vidness
ARCHIVE FILE: 20230727_spurlabvidness_e272763eae189b159008_20230727091853_archive.zip
FILTERS: *OFF*
DIRS:
	not set
FILES:
	not set
EXTS:  not set
----------------------------------------
COMPRESSING
SIZE:	84.96MB
STATS:	Dirs 562 | Files 3,908
SQL ADDED: 20230727_spurlabvidness_e272763eae189b159008_20230727091853_database.sql
ZipArchive Object
(
    [status] => 0
    [statusSys] => 0
    [numFiles] => 4470
    [filename] => /Applications/MAMP/htdocs/vidness/wp-content/backups-dup-lite/tmp/20230727_spurlabvidness_e272763eae189b159008_20230727091853_archive.zip
    [comment] => 
)

FILE ADDED TO ZIP: 4469
COMPRESSION RESULT: '1'
COMPRESSED SIZE: 39.43MB
ARCHIVE RUNTIME: 5.48 sec.
MEMORY STACK: 8.5MB
building installer
ARCHIVE CONSISTENCY TEST: PASS

********************************************************************************
INTEGRITY CHECKS:
********************************************************************************
SQL FILE: 1.26MB
INSTALLER FILE: 73.48KB
ARCHIVE FILE: 41.26MB 
EXPECTED FILE/DIRECTORY COUNT: 4,470
ACTUAL FILE/DIRECTORY COUNT: 4,469
ARCHIVE CONSISTENCY TEST: Pass

********************************************************************************
RECORD ID:[1]
TOTAL PROCESS RUNTIME: 7.69 sec.
PEAK PHP MEMORY USED: 12.5MB
DONE PROCESSING => 20230727_spurlabvidness July 27, 2023 9:19 am

